-------------------------------------------------------------------------------
Test set: com.vtxlab.crypto.cryptoadmin.CryptoAdminApplicationTests
-------------------------------------------------------------------------------
Tests run: 1, Failures: 0, Errors: 1, Skipped: 0, Time elapsed: 2.173 s <<< FAILURE! - in com.vtxlab.crypto.cryptoadmin.CryptoAdminApplicationTests
contextLoads  Time elapsed: 0.004 s  <<< ERROR!
java.lang.IllegalStateException: Failed to load ApplicationContext for [WebMergedContextConfiguration@7804a783 testClass = com.vtxlab.crypto.cryptoadmin.CryptoAdminApplicationTests, locations = [], classes = [com.vtxlab.crypto.cryptoadmin.CryptoAdminApplication], contextInitializerClasses = [], activeProfiles = [], propertySourceLocations = [], propertySourceProperties = ["org.springframework.boot.test.context.SpringBootTestContextBootstrapper=true"], contextCustomizers = [org.springframework.boot.test.context.filter.ExcludeFilterContextCustomizer@6d4e5011, org.springframework.boot.test.json.DuplicateJsonObjectContextCustomizerFactory$DuplicateJsonObjectContextCustomizer@fba92d3, org.springframework.boot.test.mock.mockito.MockitoContextCustomizer@0, org.springframework.boot.test.web.client.TestRestTemplateContextCustomizer@7fee8714, org.springframework.boot.test.autoconfigure.actuate.observability.ObservabilityContextCustomizerFactory$DisableObservabilityContextCustomizer@9da1, org.springframework.boot.test.autoconfigure.properties.PropertyMappingContextCustomizer@0, org.springframework.boot.test.autoconfigure.web.servlet.WebDriverContextCustomizerFactory$Customizer@bae7dc0, org.springframework.boot.test.context.SpringBootTestAnnotation@b8433b95], resourceBasePath = "src/main/webapp", contextLoader = org.springframework.boot.test.context.SpringBootContextLoader, parent = null]
Caused by: org.springframework.beans.factory.UnsatisfiedDependencyException: Error creating bean with name 'channelAdminController': Unsatisfied dependency expressed through field 'channelAdminService': Error creating bean with name 'adminServiceHolder': Unsatisfied dependency expressed through field 'channelRepository': Error creating bean with name 'channelRepository' defined in com.vtxlab.crypto.cryptoadmin.repository.ChannelRepository defined in @EnableJpaRepositories declared on JpaRepositoriesRegistrar.EnableJpaRepositoriesConfiguration: Could not create query for public abstract com.vtxlab.crypto.cryptoadmin.entity.Channel com.vtxlab.crypto.cryptoadmin.repository.ChannelRepository.findByCoinTransSourceAppAndCoinTransType(java.lang.String,java.lang.String); Reason: Failed to create query for method public abstract com.vtxlab.crypto.cryptoadmin.entity.Channel com.vtxlab.crypto.cryptoadmin.repository.ChannelRepository.findByCoinTransSourceAppAndCoinTransType(java.lang.String,java.lang.String); No property 'type' found for type 'ChannelTransaction' Traversed path: Channel.coinTrans.
Caused by: org.springframework.beans.factory.UnsatisfiedDependencyException: Error creating bean with name 'adminServiceHolder': Unsatisfied dependency expressed through field 'channelRepository': Error creating bean with name 'channelRepository' defined in com.vtxlab.crypto.cryptoadmin.repository.ChannelRepository defined in @EnableJpaRepositories declared on JpaRepositoriesRegistrar.EnableJpaRepositoriesConfiguration: Could not create query for public abstract com.vtxlab.crypto.cryptoadmin.entity.Channel com.vtxlab.crypto.cryptoadmin.repository.ChannelRepository.findByCoinTransSourceAppAndCoinTransType(java.lang.String,java.lang.String); Reason: Failed to create query for method public abstract com.vtxlab.crypto.cryptoadmin.entity.Channel com.vtxlab.crypto.cryptoadmin.repository.ChannelRepository.findByCoinTransSourceAppAndCoinTransType(java.lang.String,java.lang.String); No property 'type' found for type 'ChannelTransaction' Traversed path: Channel.coinTrans.
Caused by: org.springframework.beans.factory.BeanCreationException: Error creating bean with name 'channelRepository' defined in com.vtxlab.crypto.cryptoadmin.repository.ChannelRepository defined in @EnableJpaRepositories declared on JpaRepositoriesRegistrar.EnableJpaRepositoriesConfiguration: Could not create query for public abstract com.vtxlab.crypto.cryptoadmin.entity.Channel com.vtxlab.crypto.cryptoadmin.repository.ChannelRepository.findByCoinTransSourceAppAndCoinTransType(java.lang.String,java.lang.String); Reason: Failed to create query for method public abstract com.vtxlab.crypto.cryptoadmin.entity.Channel com.vtxlab.crypto.cryptoadmin.repository.ChannelRepository.findByCoinTransSourceAppAndCoinTransType(java.lang.String,java.lang.String); No property 'type' found for type 'ChannelTransaction' Traversed path: Channel.coinTrans.
Caused by: org.springframework.data.repository.query.QueryCreationException: Could not create query for public abstract com.vtxlab.crypto.cryptoadmin.entity.Channel com.vtxlab.crypto.cryptoadmin.repository.ChannelRepository.findByCoinTransSourceAppAndCoinTransType(java.lang.String,java.lang.String); Reason: Failed to create query for method public abstract com.vtxlab.crypto.cryptoadmin.entity.Channel com.vtxlab.crypto.cryptoadmin.repository.ChannelRepository.findByCoinTransSourceAppAndCoinTransType(java.lang.String,java.lang.String); No property 'type' found for type 'ChannelTransaction' Traversed path: Channel.coinTrans.
Caused by: java.lang.IllegalArgumentException: Failed to create query for method public abstract com.vtxlab.crypto.cryptoadmin.entity.Channel com.vtxlab.crypto.cryptoadmin.repository.ChannelRepository.findByCoinTransSourceAppAndCoinTransType(java.lang.String,java.lang.String); No property 'type' found for type 'ChannelTransaction' Traversed path: Channel.coinTrans.
Caused by: org.springframework.data.mapping.PropertyReferenceException: No property 'type' found for type 'ChannelTransaction' Traversed path: Channel.coinTrans.

