-------------------------------------------------------------------------------
Test set: com.vtxlab.demo.student.StudentApplicationTests
-------------------------------------------------------------------------------
Tests run: 1, Failures: 0, Errors: 1, Skipped: 0, Time elapsed: 1.145 s <<< FAILURE! - in com.vtxlab.demo.student.StudentApplicationTests
contextLoads  Time elapsed: 0.002 s  <<< ERROR!
java.lang.IllegalStateException: Failed to load ApplicationContext
Caused by: org.springframework.beans.factory.BeanCreationException: Error creating bean with name 'dataSourceScriptDatabaseInitializer' defined in class path resource [org/springframework/boot/autoconfigure/sql/init/DataSourceInitializationConfiguration.class]: Invocation of init method failed; nested exception is org.springframework.jdbc.datasource.init.ScriptStatementFailedException: Failed to execute SQL script statement #1 of class path resource [DDL_STUDENTS.sql]: CREATE TABLE WEEK9.STUDENTS ( ID INTEGER AUTO_INCREMENT, NAME VARCHAR(30) NOT NULL, HEIGHT NUMERIC(5,2) NOT NULL, CONSTRAINT PK_STUDENTS PRIMARY KEY(ID) ); nested exception is java.sql.SQLSyntaxErrorException: Table 'students' already exists
Caused by: org.springframework.jdbc.datasource.init.ScriptStatementFailedException: Failed to execute SQL script statement #1 of class path resource [DDL_STUDENTS.sql]: CREATE TABLE WEEK9.STUDENTS ( ID INTEGER AUTO_INCREMENT, NAME VARCHAR(30) NOT NULL, HEIGHT NUMERIC(5,2) NOT NULL, CONSTRAINT PK_STUDENTS PRIMARY KEY(ID) ); nested exception is java.sql.SQLSyntaxErrorException: Table 'students' already exists
Caused by: java.sql.SQLSyntaxErrorException: Table 'students' already exists

